This file contains any messages produced by compilers while
running configure, to aid debugging if configure makes a mistake.

It was created by atomic-node configure 0.1.0_master, which was
generated by GNU Autoconf 2.69.  Invocation command line was

  $ ./configure 

## --------- ##
## Platform. ##
## --------- ##

hostname = poseidon.phresus.priv
uname -m = x86_64
uname -r = 4.1.4-200.fc22.x86_64
uname -s = Linux
uname -v = #1 SMP Tue Aug 4 03:22:33 UTC 2015

/usr/bin/uname -p = x86_64
/bin/uname -X     = unknown

/bin/arch              = x86_64
/usr/bin/arch -k       = unknown
/usr/convex/getsysinfo = unknown
/usr/bin/hostinfo      = unknown
/bin/machine           = unknown
/usr/bin/oslevel       = unknown
/bin/universe          = unknown

PATH: /usr/lib64/qt-3.3/bin
PATH: /usr/local/bin
PATH: /usr/local/sbin
PATH: /usr/bin
PATH: /usr/sbin
PATH: /bin
PATH: /sbin
PATH: /home/rbarry/go/bin
PATH: /home/rbarry/.local/bin
PATH: /home/rbarry/bin
PATH: /home/rbarry/go/bin
PATH: /home/rbarry/go/bin
PATH: /home/rbarry/.local/bin
PATH: /home/rbarry/bin


## ----------- ##
## Core tests. ##
## ----------- ##

configure:1781: checking for a BSD-compatible install
configure:1849: result: /usr/bin/install -c
configure:1860: checking whether build environment is sane
configure:1915: result: yes
configure:2066: checking for a thread-safe mkdir -p
configure:2105: result: /usr/bin/mkdir -p
configure:2112: checking for gawk
configure:2128: found /usr/bin/gawk
configure:2139: result: gawk
configure:2150: checking whether make sets $(MAKE)
configure:2172: result: yes
configure:2201: checking whether make supports nested variables
configure:2218: result: yes
configure:2297: checking how to create a pax tar archive
configure:2308: tar --version
tar (GNU tar) 1.28
Copyright (C) 2014 Free Software Foundation, Inc.
License GPLv3+: GNU GPL version 3 or later <http://gnu.org/licenses/gpl.html>.
This is free software: you are free to change and redistribute it.
There is NO WARRANTY, to the extent permitted by law.

Written by John Gilmore and Jay Fenlason.
configure:2311: $? = 0
configure:2351: tardir=conftest.dir && eval tar --format=posix -chf - "$tardir" >conftest.tar
configure:2354: $? = 0
configure:2358: tar -xf - <conftest.tar
configure:2361: $? = 0
configure:2363: cat conftest.dir/file
GrepMe
configure:2366: $? = 0
configure:2379: result: gnutar
configure:2435: checking for rpmbuild
configure:2451: found /usr/bin/rpmbuild
configure:2462: result: rpmbuild
configure:2486: checking for python
configure:2504: found /usr/bin/python
configure:2516: result: /usr/bin/python
configure:2537: checking for python version
configure:2544: result: 2.7
configure:2556: checking for python platform
configure:2563: result: linux2
configure:2589: checking for python script directory
configure:2624: result: ${prefix}/lib/python2.7/site-packages
configure:2633: checking for python extension module directory
configure:2668: result: ${exec_prefix}/lib64/python2.7/site-packages
configure:2829: checking that generated files are newer than configure
configure:2835: result: done
configure:2843: creating ./config.status

## ---------------------- ##
## Running config.status. ##
## ---------------------- ##

This file was extended by atomic-node config.status 0.1.0_master, which was
generated by GNU Autoconf 2.69.  Invocation command line was

  CONFIG_FILES    = 
  CONFIG_HEADERS  = 
  CONFIG_LINKS    = 
  CONFIG_COMMANDS = 
  $ ./config.status 

on poseidon.phresus.priv

config.status:755: creating Makefile

## ---------------- ##
## Cache variables. ##
## ---------------- ##

ac_cv_env_PYTHON_set=
ac_cv_env_PYTHON_value=
ac_cv_env_RPMBUILD_set=
ac_cv_env_RPMBUILD_value=
ac_cv_env_build_alias_set=
ac_cv_env_build_alias_value=
ac_cv_env_host_alias_set=
ac_cv_env_host_alias_value=
ac_cv_env_target_alias_set=
ac_cv_env_target_alias_value=
ac_cv_path_PYTHON=/usr/bin/python
ac_cv_path_install='/usr/bin/install -c'
ac_cv_path_mkdir=/usr/bin/mkdir
ac_cv_prog_AWK=gawk
ac_cv_prog_RPMBUILD=rpmbuild
ac_cv_prog_make_make_set=yes
am_cv_make_support_nested_variables=yes
am_cv_prog_tar_pax=gnutar
am_cv_python_platform=linux2
am_cv_python_pyexecdir='${exec_prefix}/lib64/python2.7/site-packages'
am_cv_python_pythondir='${prefix}/lib/python2.7/site-packages'
am_cv_python_version=2.7

## ----------------- ##
## Output variables. ##
## ----------------- ##

ACLOCAL='${SHELL} /home/rbarry/atomic-node/missing aclocal-1.15'
AMTAR='$${TAR-tar}'
AM_BACKSLASH='\'
AM_DEFAULT_V='$(AM_DEFAULT_VERBOSITY)'
AM_DEFAULT_VERBOSITY='1'
AM_V='$(V)'
AUTOCONF='${SHELL} /home/rbarry/atomic-node/missing autoconf'
AUTOHEADER='${SHELL} /home/rbarry/atomic-node/missing autoheader'
AUTOMAKE='${SHELL} /home/rbarry/atomic-node/missing automake-1.15'
AWK='gawk'
CYGPATH_W='echo'
DEFS='-DPACKAGE_NAME=\"atomic-node\" -DPACKAGE_TARNAME=\"atomic-node\" -DPACKAGE_VERSION=\"0.1.0_master\" -DPACKAGE_STRING=\"atomic-node\ 0.1.0_master\" -DPACKAGE_BUGREPORT=\"devel@ovirt.org\" -DPACKAGE_URL=\"\" -DPACKAGE=\"atomic-node\" -DVERSION=\"0.1.0_master\"'
ECHO_C=''
ECHO_N='-n'
ECHO_T=''
INSTALL_DATA='${INSTALL} -m 644'
INSTALL_PROGRAM='${INSTALL}'
INSTALL_SCRIPT='${INSTALL}'
INSTALL_STRIP_PROGRAM='$(install_sh) -c -s'
LIBOBJS=''
LIBS=''
LTLIBOBJS=''
MAKEINFO='${SHELL} /home/rbarry/atomic-node/missing makeinfo'
MKDIR_P='/usr/bin/mkdir -p'
PACKAGE='atomic-node'
PACKAGE_BUGREPORT='devel@ovirt.org'
PACKAGE_NAME='atomic-node'
PACKAGE_RPM_RELEASE='0.0.master'
PACKAGE_RPM_VERSION='0.1.0'
PACKAGE_STRING='atomic-node 0.1.0_master'
PACKAGE_TARNAME='atomic-node'
PACKAGE_URL=''
PACKAGE_VERSION='0.1.0_master'
PATH_SEPARATOR=':'
PLUGINNAME='oVirt Node Atomic'
PYTHON='/usr/bin/python'
PYTHON_EXEC_PREFIX='${exec_prefix}'
PYTHON_PLATFORM='linux2'
PYTHON_PREFIX='${prefix}'
PYTHON_VERSION='2.7'
RPMBUILD='rpmbuild'
SET_MAKE=''
SHELL='/bin/sh'
STRIP=''
VERSION='0.1.0_master'
am__isrc=''
am__leading_dot='.'
am__tar='tar --format=posix -chf - "$$tardir"'
am__untar='tar -xf -'
bindir='${exec_prefix}/bin'
build_alias=''
datadir='${datarootdir}'
datarootdir='${prefix}/share'
docdir='${datarootdir}/doc/${PACKAGE_TARNAME}'
dvidir='${docdir}'
exec_prefix='${prefix}'
host_alias=''
htmldir='${docdir}'
includedir='${prefix}/include'
infodir='${datarootdir}/info'
install_sh='${SHELL} /home/rbarry/atomic-node/install-sh'
libdir='${exec_prefix}/lib'
libexecdir='${exec_prefix}/libexec'
localedir='${datarootdir}/locale'
localstatedir='${prefix}/var'
mandir='${datarootdir}/man'
mkdir_p='$(MKDIR_P)'
oldincludedir='/usr/include'
pdfdir='${docdir}'
pkgpyexecdir='${pyexecdir}/atomic-node'
pkgpythondir='${pythondir}/atomic-node'
prefix='/usr/local'
program_transform_name='s,x,x,'
psdir='${docdir}'
pyexecdir='${exec_prefix}/lib64/python2.7/site-packages'
pythondir='${prefix}/lib/python2.7/site-packages'
sbindir='${exec_prefix}/sbin'
sharedstatedir='${prefix}/com'
sysconfdir='${prefix}/etc'
target_alias=''

## ----------- ##
## confdefs.h. ##
## ----------- ##

/* confdefs.h */
#define PACKAGE_NAME "atomic-node"
#define PACKAGE_TARNAME "atomic-node"
#define PACKAGE_VERSION "0.1.0_master"
#define PACKAGE_STRING "atomic-node 0.1.0_master"
#define PACKAGE_BUGREPORT "devel@ovirt.org"
#define PACKAGE_URL ""
#define PACKAGE "atomic-node"
#define VERSION "0.1.0_master"

configure: exit 0
